Using pre-set license
Built from '2020.3/staging' branch; Version is '2020.3.8f1 (507919d4fff5) revision 5273881'; Using compiler version '192528614'; Build Type 'Release'
OS: 'Windows 10 Home; OS build 19041.985; Version 2004; 64bit' Language: 'pl' Physical Memory: 32689 MB
BatchMode: 1, IsHumanControllingUs: 0, StartBugReporterOnCrash: 0, Is64bit: 1, IsPro: 0

 COMMAND LINE ARGUMENTS:
C:\Program Files\Unity\Hub\Editor\2020.3.8f1\Editor\Unity.exe
-adb2
-batchMode
-noUpm
-name
AssetImportWorker0
-projectPath
C:/UnityProjects/FabrykaTesli
-logFile
Logs/AssetImportWorker0.log
-srvPort
49274
Successfully changed project path to: C:/UnityProjects/FabrykaTesli
C:/UnityProjects/FabrykaTesli
Using Asset Import Pipeline V2.
Refreshing native plugins compatible for Editor in 42.54 ms, found 1 plugins.
Preloading 0 native plugins for Editor in 0.00 ms.
Initialize engine version: 2020.3.8f1 (507919d4fff5)
[Subsystems] Discovering subsystems at path C:/Program Files/Unity/Hub/Editor/2020.3.8f1/Editor/Data/Resources/UnitySubsystems
[Subsystems] Discovering subsystems at path C:/UnityProjects/FabrykaTesli/Assets
GfxDevice: creating device client; threaded=0
Direct3D:
    Version:  Direct3D 11.0 [level 11.1]
    Renderer: NVIDIA GeForce GTX 1650 (ID=0x2188)
    Vendor:   
    VRAM:     3962 MB
    Driver:   27.21.14.6611
Shader 'Universal Render Pipeline/Particles/Lit': fallback shader 'Universal Render Pipeline/Particles/SimpleLit' not found
Initialize mono
Mono path[0] = 'C:/Program Files/Unity/Hub/Editor/2020.3.8f1/Editor/Data/Managed'
Mono path[1] = 'C:/Program Files/Unity/Hub/Editor/2020.3.8f1/Editor/Data/MonoBleedingEdge/lib/mono/unityjit'
Mono config path = 'C:/Program Files/Unity/Hub/Editor/2020.3.8f1/Editor/Data/MonoBleedingEdge/etc'
Using monoOptions --debugger-agent=transport=dt_socket,embedding=1,server=y,suspend=n,address=127.0.0.1:56604
Begin MonoManager ReloadAssembly
Registering precompiled unity dll's ...
Register platform support module: C:/Program Files/Unity/Hub/Editor/2020.3.8f1/Editor/Data/PlaybackEngines/WebGLSupport/UnityEditor.WebGL.Extensions.dll
Register platform support module: C:/Program Files/Unity/Hub/Editor/2020.3.8f1/Editor/Data/PlaybackEngines/WindowsStandaloneSupport/UnityEditor.WindowsStandalone.Extensions.dll
Registered in 0.001621 seconds.
Native extension for WindowsStandalone target not found
Native extension for WebGL target not found
Refreshing native plugins compatible for Editor in 41.76 ms, found 1 plugins.
Preloading 0 native plugins for Editor in 0.00 ms.
Mono: successfully reloaded assembly
- Completed reload, in  1.537 seconds
Platform modules already initialized, skipping
Registering precompiled user dll's ...
Registered in 0.001206 seconds.
Begin MonoManager ReloadAssembly
Native extension for WindowsStandalone target not found
Native extension for WebGL target not found
Refreshing native plugins compatible for Editor in 43.93 ms, found 1 plugins.
Preloading 0 native plugins for Editor in 0.00 ms.
Mono: successfully reloaded assembly
- Completed reload, in  0.666 seconds
Platform modules already initialized, skipping
========================================================================
Worker process is ready to serve import requests
Shader 'Universal Render Pipeline/Particles/Lit': fallback shader 'Universal Render Pipeline/Particles/SimpleLit' not found
Launched and connected shader compiler UnityShaderCompiler.exe after 0.03 seconds
Refreshing native plugins compatible for Editor in 0.54 ms, found 1 plugins.
Preloading 0 native plugins for Editor in 0.00 ms.
Unloading 3406 Unused Serialized files (Serialized files now loaded: 0)
System memory in use before: 159.8 MB.
System memory in use after: 160.0 MB.

Unloading 21 unused Assets to reduce memory usage. Loaded Objects now: 3873.
Total: 2.225700 ms (FindLiveObjects: 0.298700 ms CreateObjectMapping: 0.130900 ms MarkObjects: 1.776700 ms  DeleteObjects: 0.018700 ms)

========================================================================
Received Import Request.
  path: ProjectSettings/TagManager.asset
  artifactKey: Guid(00000000000000003000000000000000) Importer(815301076,1909f56bfc062723c751e8b465ee728b)
Start importing ProjectSettings/TagManager.asset using Guid(00000000000000003000000000000000) Importer(815301076,1909f56bfc062723c751e8b465ee728b)  -> (artifact id: '764f583e4997e0dbb5fdea63d2e7b1d8') in 0.026571 seconds
  Import took 0.030377 seconds .

========================================================================
Received Prepare
Registering precompiled user dll's ...
Registered in 0.001094 seconds.
Begin MonoManager ReloadAssembly
Native extension for WindowsStandalone target not found
Native extension for WebGL target not found
Refreshing native plugins compatible for Editor in 0.52 ms, found 1 plugins.
Preloading 0 native plugins for Editor in 0.00 ms.
Mono: successfully reloaded assembly
- Completed reload, in  0.613 seconds
Platform modules already initialized, skipping
Shader 'Universal Render Pipeline/Particles/Lit': fallback shader 'Universal Render Pipeline/Particles/SimpleLit' not found
Refreshing native plugins compatible for Editor in 0.53 ms, found 1 plugins.
Preloading 0 native plugins for Editor in 0.00 ms.
Unloading 3293 Unused Serialized files (Serialized files now loaded: 0)
System memory in use before: 152.7 MB.
System memory in use after: 153.0 MB.

Unloading 11 unused Assets to reduce memory usage. Loaded Objects now: 3876.
Total: 2.043500 ms (FindLiveObjects: 0.245000 ms CreateObjectMapping: 0.086000 ms MarkObjects: 1.698700 ms  DeleteObjects: 0.013000 ms)

========================================================================
Received Prepare
Registering precompiled user dll's ...
Registered in 0.001011 seconds.
Begin MonoManager ReloadAssembly
Native extension for WindowsStandalone target not found
Native extension for WebGL target not found
Refreshing native plugins compatible for Editor in 0.52 ms, found 1 plugins.
Preloading 0 native plugins for Editor in 0.00 ms.
Mono: successfully reloaded assembly
- Completed reload, in  0.625 seconds
Platform modules already initialized, skipping
Shader 'Universal Render Pipeline/Particles/Lit': fallback shader 'Universal Render Pipeline/Particles/SimpleLit' not found
Refreshing native plugins compatible for Editor in 0.56 ms, found 1 plugins.
Preloading 0 native plugins for Editor in 0.00 ms.
Unloading 3293 Unused Serialized files (Serialized files now loaded: 0)
System memory in use before: 152.8 MB.
System memory in use after: 153.0 MB.

Unloading 10 unused Assets to reduce memory usage. Loaded Objects now: 3879.
Total: 2.349600 ms (FindLiveObjects: 0.278100 ms CreateObjectMapping: 0.136200 ms MarkObjects: 1.922600 ms  DeleteObjects: 0.012100 ms)

========================================================================
Received Prepare
Registering precompiled user dll's ...
Registered in 0.001129 seconds.
Begin MonoManager ReloadAssembly
Native extension for WindowsStandalone target not found
Native extension for WebGL target not found
Refreshing native plugins compatible for Editor in 0.56 ms, found 1 plugins.
Preloading 0 native plugins for Editor in 0.00 ms.
Mono: successfully reloaded assembly
- Completed reload, in  0.643 seconds
Platform modules already initialized, skipping
Shader 'Universal Render Pipeline/Particles/Lit': fallback shader 'Universal Render Pipeline/Particles/SimpleLit' not found
Refreshing native plugins compatible for Editor in 0.57 ms, found 1 plugins.
Preloading 0 native plugins for Editor in 0.00 ms.
Unloading 3293 Unused Serialized files (Serialized files now loaded: 0)
System memory in use before: 152.8 MB.
System memory in use after: 153.1 MB.

Unloading 10 unused Assets to reduce memory usage. Loaded Objects now: 3882.
Total: 2.163500 ms (FindLiveObjects: 0.242600 ms CreateObjectMapping: 0.086000 ms MarkObjects: 1.822600 ms  DeleteObjects: 0.011800 ms)

========================================================================
Received Prepare
Registering precompiled user dll's ...
Registered in 0.001071 seconds.
Begin MonoManager ReloadAssembly
Native extension for WindowsStandalone target not found
Native extension for WebGL target not found
Refreshing native plugins compatible for Editor in 0.55 ms, found 1 plugins.
Preloading 0 native plugins for Editor in 0.00 ms.
Mono: successfully reloaded assembly
- Completed reload, in  0.614 seconds
Platform modules already initialized, skipping
Shader 'Universal Render Pipeline/Particles/Lit': fallback shader 'Universal Render Pipeline/Particles/SimpleLit' not found
Refreshing native plugins compatible for Editor in 0.55 ms, found 1 plugins.
Preloading 0 native plugins for Editor in 0.00 ms.
Unloading 3293 Unused Serialized files (Serialized files now loaded: 0)
System memory in use before: 152.9 MB.
System memory in use after: 153.1 MB.

Unloading 10 unused Assets to reduce memory usage. Loaded Objects now: 3885.
Total: 2.193600 ms (FindLiveObjects: 0.267200 ms CreateObjectMapping: 0.093700 ms MarkObjects: 1.818700 ms  DeleteObjects: 0.013400 ms)

========================================================================
Received Prepare
Registering precompiled user dll's ...
Registered in 0.001070 seconds.
Begin MonoManager ReloadAssembly
Native extension for WindowsStandalone target not found
Native extension for WebGL target not found
Refreshing native plugins compatible for Editor in 0.52 ms, found 1 plugins.
Preloading 0 native plugins for Editor in 0.00 ms.
Mono: successfully reloaded assembly
- Completed reload, in  0.620 seconds
Platform modules already initialized, skipping
Shader 'Universal Render Pipeline/Particles/Lit': fallback shader 'Universal Render Pipeline/Particles/SimpleLit' not found
Refreshing native plugins compatible for Editor in 0.53 ms, found 1 plugins.
Preloading 0 native plugins for Editor in 0.00 ms.
Unloading 3293 Unused Serialized files (Serialized files now loaded: 0)
System memory in use before: 152.9 MB.
System memory in use after: 153.1 MB.

Unloading 10 unused Assets to reduce memory usage. Loaded Objects now: 3888.
Total: 2.527900 ms (FindLiveObjects: 0.310800 ms CreateObjectMapping: 0.183800 ms MarkObjects: 2.018300 ms  DeleteObjects: 0.014200 ms)

========================================================================
Received Prepare
Registering precompiled user dll's ...
Registered in 0.001068 seconds.
Begin MonoManager ReloadAssembly
Native extension for WindowsStandalone target not found
Native extension for WebGL target not found
Refreshing native plugins compatible for Editor in 0.53 ms, found 1 plugins.
Preloading 0 native plugins for Editor in 0.00 ms.
Mono: successfully reloaded assembly
- Completed reload, in  0.598 seconds
Platform modules already initialized, skipping
Shader 'Universal Render Pipeline/Particles/Lit': fallback shader 'Universal Render Pipeline/Particles/SimpleLit' not found
Refreshing native plugins compatible for Editor in 0.53 ms, found 1 plugins.
Preloading 0 native plugins for Editor in 0.00 ms.
Unloading 3293 Unused Serialized files (Serialized files now loaded: 0)
System memory in use before: 152.9 MB.
System memory in use after: 153.1 MB.

Unloading 10 unused Assets to reduce memory usage. Loaded Objects now: 3891.
Total: 2.183800 ms (FindLiveObjects: 0.259000 ms CreateObjectMapping: 0.084200 ms MarkObjects: 1.827900 ms  DeleteObjects: 0.012200 ms)

========================================================================
Received Import Request.
  Time since last request: 7138.780696 seconds.
  path: Assets/TilePalettes/Map.prefab
  artifactKey: Guid(8a5fc2e697a943740885618a64e58671) Importer(815301076,1909f56bfc062723c751e8b465ee728b)
Start importing Assets/TilePalettes/Map.prefab using Guid(8a5fc2e697a943740885618a64e58671) Importer(815301076,1909f56bfc062723c751e8b465ee728b)  -> (artifact id: '7216ee82469464f1f9702af6b5b6c05e') in 0.045196 seconds
  Import took 0.049202 seconds .

========================================================================
Received Import Request.
  Time since last request: 57.969370 seconds.
  path: Assets/Prefabs/Produkt1.prefab
  artifactKey: Guid(36d08baaf8f013c4c9a62967350daa55) Importer(815301076,1909f56bfc062723c751e8b465ee728b)
Start importing Assets/Prefabs/Produkt1.prefab using Guid(36d08baaf8f013c4c9a62967350daa55) Importer(815301076,1909f56bfc062723c751e8b465ee728b)  -> (artifact id: '886edbed03f7d8e18b9691ae85a9b2d7') in 0.115752 seconds
  Import took 0.120207 seconds .

========================================================================
Received Import Request.
  Time since last request: 23.898371 seconds.
  path: Assets/Prefabs/Produkt1.prefab
  artifactKey: Guid(36d08baaf8f013c4c9a62967350daa55) Importer(815301076,1909f56bfc062723c751e8b465ee728b)
Start importing Assets/Prefabs/Produkt1.prefab using Guid(36d08baaf8f013c4c9a62967350daa55) Importer(815301076,1909f56bfc062723c751e8b465ee728b)  -> (artifact id: 'c0d8cfef7807523fce696b0f38f53312') in 0.009535 seconds
  Import took 0.013672 seconds .

========================================================================
Received Import Request.
  Time since last request: 0.004126 seconds.
  path: Assets/Prefabs/Produkt1.prefab
  artifactKey: Guid(36d08baaf8f013c4c9a62967350daa55) Importer(815301076,1909f56bfc062723c751e8b465ee728b)
Start importing Assets/Prefabs/Produkt1.prefab using Guid(36d08baaf8f013c4c9a62967350daa55) Importer(815301076,1909f56bfc062723c751e8b465ee728b)  -> (artifact id: 'c0d8cfef7807523fce696b0f38f53312') in 0.008117 seconds
  Import took 0.012085 seconds .

========================================================================
Received Import Request.
  Time since last request: 1.343457 seconds.
  path: Assets/Prefabs/Produkt1.prefab
  artifactKey: Guid(36d08baaf8f013c4c9a62967350daa55) Importer(815301076,1909f56bfc062723c751e8b465ee728b)
Start importing Assets/Prefabs/Produkt1.prefab using Guid(36d08baaf8f013c4c9a62967350daa55) Importer(815301076,1909f56bfc062723c751e8b465ee728b)  -> (artifact id: 'a3be0b022c7a43de05bd6dbacda29f1c') in 0.010584 seconds
  Import took 0.014781 seconds .

========================================================================
Received Import Request.
  Time since last request: 752.808781 seconds.
  path: Assets/Prefabs/Produkt1.prefab
  artifactKey: Guid(36d08baaf8f013c4c9a62967350daa55) Importer(815301076,1909f56bfc062723c751e8b465ee728b)
Start importing Assets/Prefabs/Produkt1.prefab using Guid(36d08baaf8f013c4c9a62967350daa55) Importer(815301076,1909f56bfc062723c751e8b465ee728b)  -> (artifact id: '2c5bcd7dfd860154e3565f5e00430ad9') in 0.010293 seconds
  Import took 0.014644 seconds .

========================================================================
Received Import Request.
  Time since last request: 10.030081 seconds.
  path: Assets/Prefabs/Produkt_1.prefab
  artifactKey: Guid(9b3f6e4de12e96549b57bc3986af5002) Importer(815301076,1909f56bfc062723c751e8b465ee728b)
Start importing Assets/Prefabs/Produkt_1.prefab using Guid(9b3f6e4de12e96549b57bc3986af5002) Importer(815301076,1909f56bfc062723c751e8b465ee728b)  -> (artifact id: '765798fc723514b4cc613905fda14caf') in 0.010031 seconds
  Import took 0.014363 seconds .

========================================================================
Received Import Request.
  Time since last request: 0.004418 seconds.
  path: Assets/Prefabs/Produkt_1.prefab
  artifactKey: Guid(9b3f6e4de12e96549b57bc3986af5002) Importer(815301076,1909f56bfc062723c751e8b465ee728b)
Start importing Assets/Prefabs/Produkt_1.prefab using Guid(9b3f6e4de12e96549b57bc3986af5002) Importer(815301076,1909f56bfc062723c751e8b465ee728b)  -> (artifact id: '765798fc723514b4cc613905fda14caf') in 0.006614 seconds
  Import took 0.010823 seconds .

========================================================================
Received Import Request.
  Time since last request: 12.582168 seconds.
  path: Assets/Prefabs/Produkt2.prefab
  artifactKey: Guid(9b3f6e4de12e96549b57bc3986af5002) Importer(815301076,1909f56bfc062723c751e8b465ee728b)
Start importing Assets/Prefabs/Produkt2.prefab using Guid(9b3f6e4de12e96549b57bc3986af5002) Importer(815301076,1909f56bfc062723c751e8b465ee728b)  -> (artifact id: '21b0afd96da55357652415cb28792f4d') in 0.009824 seconds
  Import took 0.014610 seconds .

========================================================================
Received Import Request.
  Time since last request: 0.003919 seconds.
  path: Assets/Prefabs/Produkt2.prefab
  artifactKey: Guid(9b3f6e4de12e96549b57bc3986af5002) Importer(815301076,1909f56bfc062723c751e8b465ee728b)
Start importing Assets/Prefabs/Produkt2.prefab using Guid(9b3f6e4de12e96549b57bc3986af5002) Importer(815301076,1909f56bfc062723c751e8b465ee728b)  -> (artifact id: '21b0afd96da55357652415cb28792f4d') in 0.012465 seconds
  Import took 0.016321 seconds .

========================================================================
Received Import Request.
  Time since last request: 12.873652 seconds.
  path: Assets/Prefabs/Produkt_2 (1).prefab
  artifactKey: Guid(a7cc1159907ac4549bf4426648c2bb51) Importer(815301076,1909f56bfc062723c751e8b465ee728b)
Start importing Assets/Prefabs/Produkt_2 (1).prefab using Guid(a7cc1159907ac4549bf4426648c2bb51) Importer(815301076,1909f56bfc062723c751e8b465ee728b)  -> (artifact id: '74193affe198f4991dbeec8959f0a471') in 0.010216 seconds
  Import took 0.014670 seconds .

========================================================================
Received Import Request.
  Time since last request: 0.011126 seconds.
  path: Assets/Prefabs/Produkt_2 (1).prefab
  artifactKey: Guid(a7cc1159907ac4549bf4426648c2bb51) Importer(815301076,1909f56bfc062723c751e8b465ee728b)
Start importing Assets/Prefabs/Produkt_2 (1).prefab using Guid(a7cc1159907ac4549bf4426648c2bb51) Importer(815301076,1909f56bfc062723c751e8b465ee728b)  -> (artifact id: '74193affe198f4991dbeec8959f0a471') in 0.015406 seconds
  Import took 0.018962 seconds .

========================================================================
Received Import Request.
  Time since last request: 10.142963 seconds.
  path: Assets/Prefabs/Produkt3.prefab
  artifactKey: Guid(a7cc1159907ac4549bf4426648c2bb51) Importer(815301076,1909f56bfc062723c751e8b465ee728b)
Start importing Assets/Prefabs/Produkt3.prefab using Guid(a7cc1159907ac4549bf4426648c2bb51) Importer(815301076,1909f56bfc062723c751e8b465ee728b)  -> (artifact id: 'f8eeecbeef26f735d6a9e5ad7d4a5899') in 0.011548 seconds
  Import took 0.015898 seconds .

========================================================================
Received Import Request.
  Time since last request: 0.001793 seconds.
  path: Assets/Prefabs/Produkt3.prefab
  artifactKey: Guid(a7cc1159907ac4549bf4426648c2bb51) Importer(815301076,1909f56bfc062723c751e8b465ee728b)
Start importing Assets/Prefabs/Produkt3.prefab using Guid(a7cc1159907ac4549bf4426648c2bb51) Importer(815301076,1909f56bfc062723c751e8b465ee728b)  -> (artifact id: 'f8eeecbeef26f735d6a9e5ad7d4a5899') in 0.015904 seconds
  Import took 0.019356 seconds .

========================================================================
Received Import Request.
  Time since last request: 7.587841 seconds.
  path: Assets/Prefabs/Produkt_4.prefab
  artifactKey: Guid(1abe38dd22dfbe54ea054c16dc7b76f7) Importer(815301076,1909f56bfc062723c751e8b465ee728b)
Start importing Assets/Prefabs/Produkt_4.prefab using Guid(1abe38dd22dfbe54ea054c16dc7b76f7) Importer(815301076,1909f56bfc062723c751e8b465ee728b)  -> (artifact id: 'a27489c9d15aa9718c5fd39ef54ef175') in 0.009250 seconds
  Import took 0.013350 seconds .

========================================================================
Received Import Request.
  Time since last request: 0.005818 seconds.
  path: Assets/Prefabs/Produkt_4.prefab
  artifactKey: Guid(1abe38dd22dfbe54ea054c16dc7b76f7) Importer(815301076,1909f56bfc062723c751e8b465ee728b)
Start importing Assets/Prefabs/Produkt_4.prefab using Guid(1abe38dd22dfbe54ea054c16dc7b76f7) Importer(815301076,1909f56bfc062723c751e8b465ee728b)  -> (artifact id: 'a27489c9d15aa9718c5fd39ef54ef175') in 0.006342 seconds
  Import took 0.010415 seconds .

========================================================================
Received Import Request.
  Time since last request: 6.486121 seconds.
  path: Assets/Prefabs/Produkt1.2.prefab
  artifactKey: Guid(1abe38dd22dfbe54ea054c16dc7b76f7) Importer(815301076,1909f56bfc062723c751e8b465ee728b)
Start importing Assets/Prefabs/Produkt1.2.prefab using Guid(1abe38dd22dfbe54ea054c16dc7b76f7) Importer(815301076,1909f56bfc062723c751e8b465ee728b)  -> (artifact id: '477188b3d038d10489d26658172cecb5') in 0.008237 seconds
  Import took 0.012532 seconds .

========================================================================
Received Import Request.
  Time since last request: 0.008920 seconds.
  path: Assets/Prefabs/Produkt1.2.prefab
  artifactKey: Guid(1abe38dd22dfbe54ea054c16dc7b76f7) Importer(815301076,1909f56bfc062723c751e8b465ee728b)
Start importing Assets/Prefabs/Produkt1.2.prefab using Guid(1abe38dd22dfbe54ea054c16dc7b76f7) Importer(815301076,1909f56bfc062723c751e8b465ee728b)  -> (artifact id: '477188b3d038d10489d26658172cecb5') in 0.010317 seconds
  Import took 0.013899 seconds .

========================================================================
Received Import Request.
  Time since last request: 7.666708 seconds.
  path: Assets/Prefabs/Produkt1.1.prefab
  artifactKey: Guid(36d08baaf8f013c4c9a62967350daa55) Importer(815301076,1909f56bfc062723c751e8b465ee728b)
Start importing Assets/Prefabs/Produkt1.1.prefab using Guid(36d08baaf8f013c4c9a62967350daa55) Importer(815301076,1909f56bfc062723c751e8b465ee728b)  -> (artifact id: '1940033b50250ce5a8b9892e8ce4a97e') in 0.009488 seconds
  Import took 0.013860 seconds .

========================================================================
Received Import Request.
  Time since last request: 0.007975 seconds.
  path: Assets/Prefabs/Produkt1.1.prefab
  artifactKey: Guid(36d08baaf8f013c4c9a62967350daa55) Importer(815301076,1909f56bfc062723c751e8b465ee728b)
Start importing Assets/Prefabs/Produkt1.1.prefab using Guid(36d08baaf8f013c4c9a62967350daa55) Importer(815301076,1909f56bfc062723c751e8b465ee728b)  -> (artifact id: '1940033b50250ce5a8b9892e8ce4a97e') in 0.006181 seconds
  Import took 0.010064 seconds .

========================================================================
Received Prepare
Registering precompiled user dll's ...
Registered in 0.001105 seconds.
Begin MonoManager ReloadAssembly
Native extension for WindowsStandalone target not found
Native extension for WebGL target not found
Refreshing native plugins compatible for Editor in 0.52 ms, found 1 plugins.
Preloading 0 native plugins for Editor in 0.00 ms.
Mono: successfully reloaded assembly
- Completed reload, in  0.629 seconds
Platform modules already initialized, skipping
Shader 'Universal Render Pipeline/Particles/Lit': fallback shader 'Universal Render Pipeline/Particles/SimpleLit' not found
Refreshing native plugins compatible for Editor in 0.53 ms, found 1 plugins.
Preloading 0 native plugins for Editor in 0.00 ms.
Unloading 3293 Unused Serialized files (Serialized files now loaded: 0)
System memory in use before: 158.2 MB.
System memory in use after: 158.4 MB.

Unloading 10 unused Assets to reduce memory usage. Loaded Objects now: 3939.
Total: 2.394900 ms (FindLiveObjects: 0.268800 ms CreateObjectMapping: 0.120600 ms MarkObjects: 1.992500 ms  DeleteObjects: 0.012500 ms)

========================================================================
Received Prepare
Registering precompiled user dll's ...
Registered in 0.001815 seconds.
Begin MonoManager ReloadAssembly
Native extension for WindowsStandalone target not found
Native extension for WebGL target not found
Refreshing native plugins compatible for Editor in 0.51 ms, found 1 plugins.
Preloading 0 native plugins for Editor in 0.00 ms.
Mono: successfully reloaded assembly
- Completed reload, in  0.616 seconds
Platform modules already initialized, skipping
Shader 'Universal Render Pipeline/Particles/Lit': fallback shader 'Universal Render Pipeline/Particles/SimpleLit' not found
Refreshing native plugins compatible for Editor in 0.53 ms, found 1 plugins.
Preloading 0 native plugins for Editor in 0.00 ms.
Unloading 3293 Unused Serialized files (Serialized files now loaded: 0)
System memory in use before: 158.2 MB.
System memory in use after: 158.4 MB.

Unloading 10 unused Assets to reduce memory usage. Loaded Objects now: 3942.
Total: 2.330300 ms (FindLiveObjects: 0.270100 ms CreateObjectMapping: 0.122100 ms MarkObjects: 1.923800 ms  DeleteObjects: 0.013600 ms)

========================================================================
Received Import Request.
  Time since last request: 386.298873 seconds.
  path: Assets/Prefabs/Produkt1.2.prefab
  artifactKey: Guid(1abe38dd22dfbe54ea054c16dc7b76f7) Importer(815301076,1909f56bfc062723c751e8b465ee728b)
Start importing Assets/Prefabs/Produkt1.2.prefab using Guid(1abe38dd22dfbe54ea054c16dc7b76f7) Importer(815301076,1909f56bfc062723c751e8b465ee728b)  -> (artifact id: '39141a2673304215f1b12afe2b02818e') in 0.097305 seconds
  Import took 0.101354 seconds .

========================================================================
Received Import Request.
  Time since last request: 3.338798 seconds.
  path: Assets/Prefabs/Produkt2.prefab
  artifactKey: Guid(9b3f6e4de12e96549b57bc3986af5002) Importer(815301076,1909f56bfc062723c751e8b465ee728b)
Start importing Assets/Prefabs/Produkt2.prefab using Guid(9b3f6e4de12e96549b57bc3986af5002) Importer(815301076,1909f56bfc062723c751e8b465ee728b)  -> (artifact id: '6d4e5a20ddab5310f6e43214ea25c421') in 0.009479 seconds
  Import took 0.013608 seconds .

========================================================================
Received Import Request.
  Time since last request: 5.925958 seconds.
  path: Assets/Prefabs/Produkt3.prefab
  artifactKey: Guid(a7cc1159907ac4549bf4426648c2bb51) Importer(815301076,1909f56bfc062723c751e8b465ee728b)
Start importing Assets/Prefabs/Produkt3.prefab using Guid(a7cc1159907ac4549bf4426648c2bb51) Importer(815301076,1909f56bfc062723c751e8b465ee728b)  -> (artifact id: 'df06d2a93f72fc1dab40708d64314165') in 0.005990 seconds
  Import took 0.010004 seconds .

========================================================================
Received Prepare
Registering precompiled user dll's ...
Registered in 0.000970 seconds.
Begin MonoManager ReloadAssembly
Native extension for WindowsStandalone target not found
Native extension for WebGL target not found
Refreshing native plugins compatible for Editor in 0.52 ms, found 1 plugins.
Preloading 0 native plugins for Editor in 0.00 ms.
Mono: successfully reloaded assembly
- Completed reload, in  0.622 seconds
Platform modules already initialized, skipping
Shader 'Universal Render Pipeline/Particles/Lit': fallback shader 'Universal Render Pipeline/Particles/SimpleLit' not found
Refreshing native plugins compatible for Editor in 0.54 ms, found 1 plugins.
Preloading 0 native plugins for Editor in 0.00 ms.
Unloading 3293 Unused Serialized files (Serialized files now loaded: 0)
System memory in use before: 158.3 MB.
System memory in use after: 158.5 MB.

Unloading 10 unused Assets to reduce memory usage. Loaded Objects now: 3981.
Total: 2.070500 ms (FindLiveObjects: 0.254100 ms CreateObjectMapping: 0.085100 ms MarkObjects: 1.718000 ms  DeleteObjects: 0.012700 ms)

========================================================================
Received Prepare
Registering precompiled user dll's ...
Registered in 0.001480 seconds.
Begin MonoManager ReloadAssembly
Native extension for WindowsStandalone target not found
Native extension for WebGL target not found
Refreshing native plugins compatible for Editor in 0.60 ms, found 1 plugins.
Preloading 0 native plugins for Editor in 0.00 ms.
Mono: successfully reloaded assembly
- Completed reload, in  0.664 seconds
Platform modules already initialized, skipping
Shader 'Universal Render Pipeline/Particles/Lit': fallback shader 'Universal Render Pipeline/Particles/SimpleLit' not found
Refreshing native plugins compatible for Editor in 0.55 ms, found 1 plugins.
Preloading 0 native plugins for Editor in 0.00 ms.
Unloading 3293 Unused Serialized files (Serialized files now loaded: 0)
System memory in use before: 158.3 MB.
System memory in use after: 158.5 MB.

Unloading 10 unused Assets to reduce memory usage. Loaded Objects now: 3984.
Total: 2.353000 ms (FindLiveObjects: 0.310700 ms CreateObjectMapping: 0.094500 ms MarkObjects: 1.934900 ms  DeleteObjects: 0.012400 ms)

========================================================================
Received Import Request.
  Time since last request: 137.390099 seconds.
  path: Assets/Prefabs/Produkt1.2.prefab
  artifactKey: Guid(1abe38dd22dfbe54ea054c16dc7b76f7) Importer(815301076,1909f56bfc062723c751e8b465ee728b)
Start importing Assets/Prefabs/Produkt1.2.prefab using Guid(1abe38dd22dfbe54ea054c16dc7b76f7) Importer(815301076,1909f56bfc062723c751e8b465ee728b)  -> (artifact id: 'ee2aa72b0f838ce4105e2f7e58b4d1fe') in 0.100606 seconds
  Import took 0.105189 seconds .

========================================================================
Received Import Request.
  Time since last request: 5.952327 seconds.
  path: Assets/Prefabs/Produkt2.prefab
  artifactKey: Guid(9b3f6e4de12e96549b57bc3986af5002) Importer(815301076,1909f56bfc062723c751e8b465ee728b)
Start importing Assets/Prefabs/Produkt2.prefab using Guid(9b3f6e4de12e96549b57bc3986af5002) Importer(815301076,1909f56bfc062723c751e8b465ee728b)  -> (artifact id: '3582743e5711d778255c942fc9ec0970') in 0.020036 seconds
  Import took 0.024306 seconds .

========================================================================
Received Import Request.
  Time since last request: 4.504660 seconds.
  path: Assets/Prefabs/Produkt3.prefab
  artifactKey: Guid(a7cc1159907ac4549bf4426648c2bb51) Importer(815301076,1909f56bfc062723c751e8b465ee728b)
Start importing Assets/Prefabs/Produkt3.prefab using Guid(a7cc1159907ac4549bf4426648c2bb51) Importer(815301076,1909f56bfc062723c751e8b465ee728b)  -> (artifact id: 'a092b99322f3dfcb02bf1c8dcc1b4f3f') in 0.008377 seconds
  Import took 0.012538 seconds .

========================================================================
Received Prepare
Registering precompiled user dll's ...
Registered in 0.001061 seconds.
Begin MonoManager ReloadAssembly
Native extension for WindowsStandalone target not found
Native extension for WebGL target not found
Refreshing native plugins compatible for Editor in 0.58 ms, found 1 plugins.
Preloading 0 native plugins for Editor in 0.00 ms.
Mono: successfully reloaded assembly
- Completed reload, in  0.678 seconds
Platform modules already initialized, skipping
Shader 'Universal Render Pipeline/Particles/Lit': fallback shader 'Universal Render Pipeline/Particles/SimpleLit' not found
Refreshing native plugins compatible for Editor in 0.55 ms, found 1 plugins.
Preloading 0 native plugins for Editor in 0.00 ms.
Unloading 3293 Unused Serialized files (Serialized files now loaded: 0)
System memory in use before: 158.4 MB.
System memory in use after: 158.6 MB.

Unloading 10 unused Assets to reduce memory usage. Loaded Objects now: 4023.
Total: 2.581600 ms (FindLiveObjects: 0.297900 ms CreateObjectMapping: 0.129000 ms MarkObjects: 2.141100 ms  DeleteObjects: 0.012900 ms)

========================================================================
Received Prepare
Registering precompiled user dll's ...
Registered in 0.001021 seconds.
Begin MonoManager ReloadAssembly
Native extension for WindowsStandalone target not found
Native extension for WebGL target not found
Refreshing native plugins compatible for Editor in 0.53 ms, found 1 plugins.
Preloading 0 native plugins for Editor in 0.00 ms.
Mono: successfully reloaded assembly
- Completed reload, in  0.623 seconds
Platform modules already initialized, skipping
Shader 'Universal Render Pipeline/Particles/Lit': fallback shader 'Universal Render Pipeline/Particles/SimpleLit' not found
Refreshing native plugins compatible for Editor in 0.63 ms, found 1 plugins.
Preloading 0 native plugins for Editor in 0.00 ms.
Unloading 3293 Unused Serialized files (Serialized files now loaded: 0)
System memory in use before: 158.4 MB.
System memory in use after: 158.6 MB.

Unloading 10 unused Assets to reduce memory usage. Loaded Objects now: 4026.
Total: 2.363800 ms (FindLiveObjects: 0.287400 ms CreateObjectMapping: 0.115900 ms MarkObjects: 1.946800 ms  DeleteObjects: 0.012900 ms)

========================================================================
Received Prepare
Registering precompiled user dll's ...
Registered in 0.001095 seconds.
Begin MonoManager ReloadAssembly
Native extension for WindowsStandalone target not found
Native extension for WebGL target not found
Refreshing native plugins compatible for Editor in 0.58 ms, found 1 plugins.
Preloading 0 native plugins for Editor in 0.00 ms.
Mono: successfully reloaded assembly
- Completed reload, in  0.645 seconds
Platform modules already initialized, skipping
Shader 'Universal Render Pipeline/Particles/Lit': fallback shader 'Universal Render Pipeline/Particles/SimpleLit' not found
Refreshing native plugins compatible for Editor in 0.53 ms, found 1 plugins.
Preloading 0 native plugins for Editor in 0.00 ms.
Unloading 3293 Unused Serialized files (Serialized files now loaded: 0)
System memory in use before: 158.4 MB.
System memory in use after: 158.7 MB.

Unloading 10 unused Assets to reduce memory usage. Loaded Objects now: 4029.
Total: 2.232800 ms (FindLiveObjects: 0.263300 ms CreateObjectMapping: 0.091900 ms MarkObjects: 1.862300 ms  DeleteObjects: 0.014600 ms)

========================================================================
Received Prepare
Registering precompiled user dll's ...
Registered in 0.001111 seconds.
Begin MonoManager ReloadAssembly
Native extension for WindowsStandalone target not found
Native extension for WebGL target not found
Refreshing native plugins compatible for Editor in 0.55 ms, found 1 plugins.
Preloading 0 native plugins for Editor in 0.00 ms.
Mono: successfully reloaded assembly
- Completed reload, in  0.625 seconds
Platform modules already initialized, skipping
Shader 'Universal Render Pipeline/Particles/Lit': fallback shader 'Universal Render Pipeline/Particles/SimpleLit' not found
Refreshing native plugins compatible for Editor in 0.57 ms, found 1 plugins.
Preloading 0 native plugins for Editor in 0.00 ms.
Unloading 3293 Unused Serialized files (Serialized files now loaded: 0)
System memory in use before: 158.4 MB.
System memory in use after: 158.7 MB.

Unloading 10 unused Assets to reduce memory usage. Loaded Objects now: 4032.
Total: 2.085200 ms (FindLiveObjects: 0.240900 ms CreateObjectMapping: 0.068300 ms MarkObjects: 1.763500 ms  DeleteObjects: 0.012100 ms)

========================================================================
Received Prepare
Registering precompiled user dll's ...
Registered in 0.001222 seconds.
Begin MonoManager ReloadAssembly
Native extension for WindowsStandalone target not found
Native extension for WebGL target not found
Refreshing native plugins compatible for Editor in 0.55 ms, found 1 plugins.
Preloading 0 native plugins for Editor in 0.00 ms.
Mono: successfully reloaded assembly
- Completed reload, in  0.673 seconds
Platform modules already initialized, skipping
Shader 'Universal Render Pipeline/Particles/Lit': fallback shader 'Universal Render Pipeline/Particles/SimpleLit' not found
Refreshing native plugins compatible for Editor in 0.53 ms, found 1 plugins.
Preloading 0 native plugins for Editor in 0.00 ms.
Unloading 3294 Unused Serialized files (Serialized files now loaded: 0)
System memory in use before: 158.5 MB.
System memory in use after: 158.7 MB.

Unloading 10 unused Assets to reduce memory usage. Loaded Objects now: 4036.
Total: 2.405000 ms (FindLiveObjects: 0.280400 ms CreateObjectMapping: 0.131100 ms MarkObjects: 1.980100 ms  DeleteObjects: 0.012900 ms)

========================================================================
Received Prepare
Registering precompiled user dll's ...
Registered in 0.001138 seconds.
Begin MonoManager ReloadAssembly
Native extension for WindowsStandalone target not found
Native extension for WebGL target not found
Refreshing native plugins compatible for Editor in 0.56 ms, found 1 plugins.
Preloading 0 native plugins for Editor in 0.00 ms.
Mono: successfully reloaded assembly
- Completed reload, in  0.643 seconds
Platform modules already initialized, skipping
Shader 'Universal Render Pipeline/Particles/Lit': fallback shader 'Universal Render Pipeline/Particles/SimpleLit' not found
Refreshing native plugins compatible for Editor in 0.53 ms, found 1 plugins.
Preloading 0 native plugins for Editor in 0.00 ms.
Unloading 3294 Unused Serialized files (Serialized files now loaded: 0)
System memory in use before: 158.5 MB.
System memory in use after: 158.7 MB.

Unloading 10 unused Assets to reduce memory usage. Loaded Objects now: 4039.
Total: 2.621300 ms (FindLiveObjects: 0.288900 ms CreateObjectMapping: 0.120300 ms MarkObjects: 2.195800 ms  DeleteObjects: 0.015600 ms)

========================================================================
Received Prepare
Registering precompiled user dll's ...
Registered in 0.001048 seconds.
Begin MonoManager ReloadAssembly
Native extension for WindowsStandalone target not found
Native extension for WebGL target not found
Refreshing native plugins compatible for Editor in 0.52 ms, found 1 plugins.
Preloading 0 native plugins for Editor in 0.00 ms.
Mono: successfully reloaded assembly
- Completed reload, in  0.632 seconds
Platform modules already initialized, skipping
Shader 'Universal Render Pipeline/Particles/Lit': fallback shader 'Universal Render Pipeline/Particles/SimpleLit' not found
Refreshing native plugins compatible for Editor in 0.55 ms, found 1 plugins.
Preloading 0 native plugins for Editor in 0.00 ms.
Unloading 3294 Unused Serialized files (Serialized files now loaded: 0)
System memory in use before: 158.5 MB.
System memory in use after: 158.7 MB.

Unloading 10 unused Assets to reduce memory usage. Loaded Objects now: 4042.
Total: 2.367700 ms (FindLiveObjects: 0.296100 ms CreateObjectMapping: 0.129300 ms MarkObjects: 1.928400 ms  DeleteObjects: 0.013000 ms)

========================================================================
Received Prepare
Registering precompiled user dll's ...
Registered in 0.001134 seconds.
Begin MonoManager ReloadAssembly
Native extension for WindowsStandalone target not found
Native extension for WebGL target not found
Refreshing native plugins compatible for Editor in 0.53 ms, found 1 plugins.
Preloading 0 native plugins for Editor in 0.00 ms.
Mono: successfully reloaded assembly
- Completed reload, in  0.622 seconds
Platform modules already initialized, skipping
Shader 'Universal Render Pipeline/Particles/Lit': fallback shader 'Universal Render Pipeline/Particles/SimpleLit' not found
Refreshing native plugins compatible for Editor in 0.54 ms, found 1 plugins.
Preloading 0 native plugins for Editor in 0.00 ms.
Unloading 3294 Unused Serialized files (Serialized files now loaded: 0)
System memory in use before: 158.5 MB.
System memory in use after: 158.7 MB.

Unloading 10 unused Assets to reduce memory usage. Loaded Objects now: 4045.
Total: 2.178300 ms (FindLiveObjects: 0.264000 ms CreateObjectMapping: 0.085800 ms MarkObjects: 1.816000 ms  DeleteObjects: 0.011900 ms)

========================================================================
Received Prepare
Registering precompiled user dll's ...
Registered in 0.001120 seconds.
Begin MonoManager ReloadAssembly
Native extension for WindowsStandalone target not found
Native extension for WebGL target not found
Refreshing native plugins compatible for Editor in 0.53 ms, found 1 plugins.
Preloading 0 native plugins for Editor in 0.00 ms.
Mono: successfully reloaded assembly
- Completed reload, in  0.620 seconds
Platform modules already initialized, skipping
Shader 'Universal Render Pipeline/Particles/Lit': fallback shader 'Universal Render Pipeline/Particles/SimpleLit' not found
Refreshing native plugins compatible for Editor in 0.57 ms, found 1 plugins.
Preloading 0 native plugins for Editor in 0.00 ms.
Unloading 3294 Unused Serialized files (Serialized files now loaded: 0)
System memory in use before: 158.5 MB.
System memory in use after: 158.7 MB.

Unloading 10 unused Assets to reduce memory usage. Loaded Objects now: 4048.
Total: 2.076900 ms (FindLiveObjects: 0.240500 ms CreateObjectMapping: 0.068200 ms MarkObjects: 1.755700 ms  DeleteObjects: 0.011900 ms)

========================================================================
Received Prepare
Shader 'Universal Render Pipeline/Particles/Lit': fallback shader 'Universal Render Pipeline/Particles/SimpleLit' not found
Refreshing native plugins compatible for Editor in 1.71 ms, found 1 plugins.
Preloading 0 native plugins for Editor in 0.00 ms.
Unloading 7 Unused Serialized files (Serialized files now loaded: 0)
System memory in use before: 93.6 MB.
System memory in use after: 93.9 MB.

Unloading 6 unused Assets to reduce memory usage. Loaded Objects now: 4048.
Total: 2.369200 ms (FindLiveObjects: 0.284800 ms CreateObjectMapping: 0.118200 ms MarkObjects: 1.955900 ms  DeleteObjects: 0.009800 ms)

========================================================================
Received Prepare
Shader 'Universal Render Pipeline/Particles/Lit': fallback shader 'Universal Render Pipeline/Particles/SimpleLit' not found
Refreshing native plugins compatible for Editor in 1.68 ms, found 1 plugins.
Preloading 0 native plugins for Editor in 0.00 ms.
Unloading 7 Unused Serialized files (Serialized files now loaded: 0)
System memory in use before: 93.7 MB.
System memory in use after: 93.9 MB.

Unloading 6 unused Assets to reduce memory usage. Loaded Objects now: 4048.
Total: 2.585900 ms (FindLiveObjects: 0.296400 ms CreateObjectMapping: 0.094500 ms MarkObjects: 2.185300 ms  DeleteObjects: 0.009000 ms)

========================================================================
Received Prepare
Shader 'Universal Render Pipeline/Particles/Lit': fallback shader 'Universal Render Pipeline/Particles/SimpleLit' not found
Refreshing native plugins compatible for Editor in 1.69 ms, found 1 plugins.
Preloading 0 native plugins for Editor in 0.00 ms.
Unloading 7 Unused Serialized files (Serialized files now loaded: 0)
System memory in use before: 93.7 MB.
System memory in use after: 93.9 MB.

Unloading 6 unused Assets to reduce memory usage. Loaded Objects now: 4048.
Total: 2.426200 ms (FindLiveObjects: 0.282000 ms CreateObjectMapping: 0.067800 ms MarkObjects: 2.066700 ms  DeleteObjects: 0.009100 ms)

========================================================================
Received Prepare
Shader 'Universal Render Pipeline/Particles/Lit': fallback shader 'Universal Render Pipeline/Particles/SimpleLit' not found
Refreshing native plugins compatible for Editor in 1.69 ms, found 1 plugins.
Preloading 0 native plugins for Editor in 0.00 ms.
Unloading 7 Unused Serialized files (Serialized files now loaded: 0)
System memory in use before: 93.7 MB.
System memory in use after: 93.9 MB.

Unloading 6 unused Assets to reduce memory usage. Loaded Objects now: 4048.
Total: 2.436100 ms (FindLiveObjects: 0.271100 ms CreateObjectMapping: 0.106100 ms MarkObjects: 2.049500 ms  DeleteObjects: 0.008900 ms)

========================================================================
Received Prepare
Registering precompiled user dll's ...
Registered in 0.001067 seconds.
Begin MonoManager ReloadAssembly
Native extension for WindowsStandalone target not found
Native extension for WebGL target not found
Refreshing native plugins compatible for Editor in 0.53 ms, found 1 plugins.
Preloading 0 native plugins for Editor in 0.00 ms.
Mono: successfully reloaded assembly
- Completed reload, in  0.637 seconds
Platform modules already initialized, skipping
Shader 'Universal Render Pipeline/Particles/Lit': fallback shader 'Universal Render Pipeline/Particles/SimpleLit' not found
Refreshing native plugins compatible for Editor in 0.53 ms, found 1 plugins.
Preloading 0 native plugins for Editor in 0.00 ms.
Unloading 3294 Unused Serialized files (Serialized files now loaded: 0)
System memory in use before: 158.5 MB.
System memory in use after: 158.7 MB.

Unloading 10 unused Assets to reduce memory usage. Loaded Objects now: 4051.
Total: 2.155100 ms (FindLiveObjects: 0.266100 ms CreateObjectMapping: 0.086000 ms MarkObjects: 1.789400 ms  DeleteObjects: 0.013000 ms)

========================================================================
Received Prepare
Registering precompiled user dll's ...
Registered in 0.001041 seconds.
Begin MonoManager ReloadAssembly
Native extension for WindowsStandalone target not found
Native extension for WebGL target not found
Refreshing native plugins compatible for Editor in 0.52 ms, found 1 plugins.
Preloading 0 native plugins for Editor in 0.00 ms.
Mono: successfully reloaded assembly
- Completed reload, in  0.620 seconds
Platform modules already initialized, skipping
Shader 'Universal Render Pipeline/Particles/Lit': fallback shader 'Universal Render Pipeline/Particles/SimpleLit' not found
Refreshing native plugins compatible for Editor in 0.54 ms, found 1 plugins.
Preloading 0 native plugins for Editor in 0.00 ms.
Unloading 3294 Unused Serialized files (Serialized files now loaded: 0)
System memory in use before: 158.5 MB.
System memory in use after: 158.8 MB.

Unloading 10 unused Assets to reduce memory usage. Loaded Objects now: 4054.
Total: 2.124700 ms (FindLiveObjects: 0.241700 ms CreateObjectMapping: 0.096000 ms MarkObjects: 1.773500 ms  DeleteObjects: 0.012900 ms)

========================================================================
Received Prepare
Registering precompiled user dll's ...
Registered in 0.001198 seconds.
Begin MonoManager ReloadAssembly
Native extension for WindowsStandalone target not found
Native extension for WebGL target not found
Refreshing native plugins compatible for Editor in 0.56 ms, found 1 plugins.
Preloading 0 native plugins for Editor in 0.00 ms.
Mono: successfully reloaded assembly
- Completed reload, in  0.650 seconds
Platform modules already initialized, skipping
Shader 'Universal Render Pipeline/Particles/Lit': fallback shader 'Universal Render Pipeline/Particles/SimpleLit' not found
Refreshing native plugins compatible for Editor in 0.59 ms, found 1 plugins.
Preloading 0 native plugins for Editor in 0.00 ms.
Unloading 3294 Unused Serialized files (Serialized files now loaded: 0)
System memory in use before: 158.5 MB.
System memory in use after: 158.8 MB.

Unloading 10 unused Assets to reduce memory usage. Loaded Objects now: 4057.
Total: 2.359500 ms (FindLiveObjects: 0.314800 ms CreateObjectMapping: 0.099200 ms MarkObjects: 1.931700 ms  DeleteObjects: 0.013000 ms)

========================================================================
Received Prepare
Registering precompiled user dll's ...
Registered in 0.001149 seconds.
Begin MonoManager ReloadAssembly
Native extension for WindowsStandalone target not found
Native extension for WebGL target not found
Refreshing native plugins compatible for Editor in 0.53 ms, found 1 plugins.
Preloading 0 native plugins for Editor in 0.00 ms.
Mono: successfully reloaded assembly
- Completed reload, in  0.666 seconds
Platform modules already initialized, skipping
Shader 'Universal Render Pipeline/Particles/Lit': fallback shader 'Universal Render Pipeline/Particles/SimpleLit' not found
Refreshing native plugins compatible for Editor in 0.54 ms, found 1 plugins.
Preloading 0 native plugins for Editor in 0.00 ms.
Unloading 3293 Unused Serialized files (Serialized files now loaded: 0)
System memory in use before: 158.5 MB.
System memory in use after: 158.8 MB.

Unloading 10 unused Assets to reduce memory usage. Loaded Objects now: 4060.
Total: 2.271600 ms (FindLiveObjects: 0.237100 ms CreateObjectMapping: 0.089200 ms MarkObjects: 1.931400 ms  DeleteObjects: 0.013000 ms)

========================================================================
Received Prepare
Registering precompiled user dll's ...
Registered in 0.001565 seconds.
Begin MonoManager ReloadAssembly
Native extension for WindowsStandalone target not found
Native extension for WebGL target not found
Refreshing native plugins compatible for Editor in 0.54 ms, found 1 plugins.
Preloading 0 native plugins for Editor in 0.00 ms.
Mono: successfully reloaded assembly
- Completed reload, in  0.728 seconds
Platform modules already initialized, skipping
Shader 'Universal Render Pipeline/Particles/Lit': fallback shader 'Universal Render Pipeline/Particles/SimpleLit' not found
Refreshing native plugins compatible for Editor in 0.54 ms, found 1 plugins.
Preloading 0 native plugins for Editor in 0.00 ms.
Unloading 3293 Unused Serialized files (Serialized files now loaded: 0)
System memory in use before: 158.5 MB.
System memory in use after: 158.8 MB.

Unloading 10 unused Assets to reduce memory usage. Loaded Objects now: 4063.
Total: 2.133800 ms (FindLiveObjects: 0.232600 ms CreateObjectMapping: 0.084700 ms MarkObjects: 1.802500 ms  DeleteObjects: 0.012800 ms)

========================================================================
Received Prepare
Registering precompiled user dll's ...
Registered in 0.000983 seconds.
Begin MonoManager ReloadAssembly
Native extension for WindowsStandalone target not found
Native extension for WebGL target not found
Refreshing native plugins compatible for Editor in 0.55 ms, found 1 plugins.
Preloading 0 native plugins for Editor in 0.00 ms.
Mono: successfully reloaded assembly
- Completed reload, in  0.653 seconds
Platform modules already initialized, skipping
Shader 'Universal Render Pipeline/Particles/Lit': fallback shader 'Universal Render Pipeline/Particles/SimpleLit' not found
Refreshing native plugins compatible for Editor in 0.54 ms, found 1 plugins.
Preloading 0 native plugins for Editor in 0.00 ms.
Unloading 3293 Unused Serialized files (Serialized files now loaded: 0)
System memory in use before: 158.6 MB.
System memory in use after: 158.8 MB.

Unloading 10 unused Assets to reduce memory usage. Loaded Objects now: 4066.
Total: 2.109900 ms (FindLiveObjects: 0.253800 ms CreateObjectMapping: 0.074100 ms MarkObjects: 1.768000 ms  DeleteObjects: 0.013400 ms)

========================================================================
Received Prepare
Registering precompiled user dll's ...
Registered in 0.001228 seconds.
Begin MonoManager ReloadAssembly
Native extension for WindowsStandalone target not found
Native extension for WebGL target not found
Refreshing native plugins compatible for Editor in 0.57 ms, found 1 plugins.
Preloading 0 native plugins for Editor in 0.00 ms.
Mono: successfully reloaded assembly
- Completed reload, in  0.672 seconds
Platform modules already initialized, skipping
Shader 'Universal Render Pipeline/Particles/Lit': fallback shader 'Universal Render Pipeline/Particles/SimpleLit' not found
Refreshing native plugins compatible for Editor in 0.56 ms, found 1 plugins.
Preloading 0 native plugins for Editor in 0.00 ms.
Unloading 3293 Unused Serialized files (Serialized files now loaded: 0)
System memory in use before: 158.6 MB.
System memory in use after: 158.8 MB.

Unloading 10 unused Assets to reduce memory usage. Loaded Objects now: 4069.
Total: 2.389600 ms (FindLiveObjects: 0.243500 ms CreateObjectMapping: 0.106200 ms MarkObjects: 2.023900 ms  DeleteObjects: 0.015300 ms)

========================================================================
Received Prepare
Registering precompiled user dll's ...
Registered in 0.001102 seconds.
Begin MonoManager ReloadAssembly
Native extension for WindowsStandalone target not found
Native extension for WebGL target not found
Refreshing native plugins compatible for Editor in 0.55 ms, found 1 plugins.
Preloading 0 native plugins for Editor in 0.00 ms.
Mono: successfully reloaded assembly
- Completed reload, in  0.681 seconds
Platform modules already initialized, skipping
Shader 'Universal Render Pipeline/Particles/Lit': fallback shader 'Universal Render Pipeline/Particles/SimpleLit' not found
Refreshing native plugins compatible for Editor in 0.59 ms, found 1 plugins.
Preloading 0 native plugins for Editor in 0.00 ms.
Unloading 3293 Unused Serialized files (Serialized files now loaded: 0)
System memory in use before: 158.6 MB.
System memory in use after: 158.8 MB.

Unloading 10 unused Assets to reduce memory usage. Loaded Objects now: 4072.
Total: 2.396200 ms (FindLiveObjects: 0.256800 ms CreateObjectMapping: 0.106800 ms MarkObjects: 2.017200 ms  DeleteObjects: 0.014700 ms)

========================================================================
Received Prepare
Registering precompiled user dll's ...
Registered in 0.001075 seconds.
Begin MonoManager ReloadAssembly
Native extension for WindowsStandalone target not found
Native extension for WebGL target not found
Refreshing native plugins compatible for Editor in 0.54 ms, found 1 plugins.
Preloading 0 native plugins for Editor in 0.00 ms.
Mono: successfully reloaded assembly
- Completed reload, in  0.698 seconds
Platform modules already initialized, skipping
Shader 'Universal Render Pipeline/Particles/Lit': fallback shader 'Universal Render Pipeline/Particles/SimpleLit' not found
Refreshing native plugins compatible for Editor in 0.55 ms, found 1 plugins.
Preloading 0 native plugins for Editor in 0.00 ms.
Unloading 3293 Unused Serialized files (Serialized files now loaded: 0)
System memory in use before: 158.6 MB.
System memory in use after: 158.8 MB.

Unloading 10 unused Assets to reduce memory usage. Loaded Objects now: 4075.
Total: 2.139400 ms (FindLiveObjects: 0.257600 ms CreateObjectMapping: 0.068500 ms MarkObjects: 1.799900 ms  DeleteObjects: 0.012800 ms)

========================================================================
Received Prepare
Registering precompiled user dll's ...
Registered in 0.001153 seconds.
Begin MonoManager ReloadAssembly
Native extension for WindowsStandalone target not found
Native extension for WebGL target not found
Refreshing native plugins compatible for Editor in 0.89 ms, found 1 plugins.
Preloading 0 native plugins for Editor in 0.00 ms.
Mono: successfully reloaded assembly
- Completed reload, in  0.683 seconds
Platform modules already initialized, skipping
Shader 'Universal Render Pipeline/Particles/Lit': fallback shader 'Universal Render Pipeline/Particles/SimpleLit' not found
Refreshing native plugins compatible for Editor in 0.58 ms, found 1 plugins.
Preloading 0 native plugins for Editor in 0.00 ms.
Unloading 3293 Unused Serialized files (Serialized files now loaded: 0)
System memory in use before: 158.6 MB.
System memory in use after: 158.8 MB.

Unloading 10 unused Assets to reduce memory usage. Loaded Objects now: 4078.
Total: 2.712400 ms (FindLiveObjects: 0.337900 ms CreateObjectMapping: 0.157700 ms MarkObjects: 2.202000 ms  DeleteObjects: 0.014000 ms)

